<?xml version="1.0" encoding="UTF-8"?>
<!-- Generated by org.testng.reporters.JUnitXMLReporter -->
<testsuite ignored="1" hostname="5CD3441DMK" failures="0" tests="1" name="Default test" time="12.743" errors="0" timestamp="2025-06-19T14:34:24 IST">
  <testcase classname="javaseleniumlearning.tests.ErrorValidationsTest" name="ProductErrorValidation" time="8.615"/>
  <testcase classname="javaseleniumlearning.tests.ErrorValidationsTest" name="LoginErrorValidation" time="0.0">
    <ignored/>
  </testcase> <!-- LoginErrorValidation -->
</testsuite> <!-- Default test -->
