<?xml version="1.0" encoding="UTF-8"?>
<!-- Generated by org.testng.reporters.JUnitXMLReporter -->
<testsuite ignored="0" hostname="5CD3441DMK" failures="1" tests="2" name="Error Validations Test" time="16.978" errors="0" timestamp="2025-06-13T22:37:34 IST">
  <testcase classname="javaseleniumlearning.tests.ErrorValidationsTest" name="LoginErrorValidation" time="0.443">
    <failure type="java.lang.AssertionError" message="expected [Incorrect email password.] but found [Incorrect email or password.]">
      <![CDATA[java.lang.AssertionError: expected [Incorrect email password.] but found [Incorrect email or password.]
at javaseleniumlearning.tests.ErrorValidationsTest.LoginErrorValidation(ErrorValidationsTest.java:26)
at java.base/java.util.ArrayList.forEach(ArrayList.java:1596)
... Removed 31 stack frames]]>
    </failure>
  </testcase> <!-- LoginErrorValidation -->
  <testcase classname="javaseleniumlearning.tests.ErrorValidationsTest" name="ProductErrorValidation" time="8.838"/>
</testsuite> <!-- Error Validations Test -->
