<?xml version="1.0" encoding="UTF-8"?>
<!-- Generated by org.testng.reporters.JUnitXMLReporter -->
<testsuite ignored="0" hostname="5CD3441DMK" failures="0" tests="3" name="Submit Order Test" time="29.289" errors="0" timestamp="2025-06-10T17:53:06 IST">
  <testcase classname="javaseleniumlearning.tests.SubmitOrderTest" name="submitOrder" time="9.522"/>
  <testcase classname="javaseleniumlearning.tests.SubmitOrderTest" name="submitOrder" time="9.346"/>
  <testcase classname="javaseleniumlearning.tests.SubmitOrderTest" name="OrderHistoryTest" time="0.678"/>
</testsuite> <!-- Submit Order Test -->
