<?xml version="1.0" encoding="UTF-8"?>
<!-- Generated by org.testng.reporters.JUnitXMLReporter -->
<testsuite ignored="0" hostname="DESKTOP-RGBVQCA" failures="0" tests="2" name="Submit Order Test" time="14.518" errors="0" timestamp="2025-06-06T20:00:20 IST">
  <testcase classname="javaseleniumlearning.tests.SubmitOrderTest" name="submitOrder" time="9.319"/>
  <testcase classname="javaseleniumlearning.tests.SubmitOrderTest" name="OrderHistoryTest" time="0.601"/>
</testsuite> <!-- Submit Order Test -->
