<?xml version="1.0" encoding="UTF-8"?>
<!-- Generated by org.testng.reporters.JUnitXMLReporter -->
<testsuite ignored="0" hostname="5CD3441DMK" failures="0" tests="3" name="Submit Order Test" time="50.545" errors="0" timestamp="2025-08-01T23:22:42 IST">
  <testcase classname="javaseleniumlearning.tests.SubmitOrderTest" name="submitOrder" time="12.048"/>
  <testcase classname="javaseleniumlearning.tests.SubmitOrderTest" name="submitOrder" time="12.042"/>
  <testcase classname="javaseleniumlearning.tests.SubmitOrderTest" name="OrderHistoryTest" time="3.009"/>
</testsuite> <!-- Submit Order Test -->
