<?xml version="1.0" encoding="UTF-8"?>
<!-- Generated by org.testng.reporters.JUnitXMLReporter -->
<testsuite ignored="0" hostname="5CD3441DMK" failures="1" tests="3" name="Submit Order Test" time="19.869" errors="0" timestamp="2025-06-23T20:47:51 IST">
  <testcase classname="javaseleniumlearning.tests.SubmitOrderTest" name="submitOrder" time="3.384"/>
  <testcase classname="javaseleniumlearning.tests.SubmitOrderTest" name="submitOrder" time="8.891">
    <failure type="java.lang.AssertionError" message="expected [true] but found [false]">
      <![CDATA[java.lang.AssertionError: expected [true] but found [false]
at javaseleniumlearning.tests.SubmitOrderTest.submitOrder(SubmitOrderTest.java:45)
at java.base/java.util.ArrayList.forEach(ArrayList.java:1596)
at java.base/java.util.concurrent.FutureTask.run(FutureTask.java:317)
at java.base/java.util.concurrent.ThreadPoolExecutor.runWorker(ThreadPoolExecutor.java:1144)
at java.base/java.util.concurrent.ThreadPoolExecutor$Worker.run(ThreadPoolExecutor.java:642)
at java.base/java.lang.Thread.run(Thread.java:1583)
... Removed 19 stack frames]]>
    </failure>
  </testcase> <!-- submitOrder -->
  <testcase classname="javaseleniumlearning.tests.SubmitOrderTest" name="OrderHistoryTest" time="0.0">
    <skipped/>
  </testcase> <!-- OrderHistoryTest -->
</testsuite> <!-- Submit Order Test -->
