<?xml version="1.0" encoding="UTF-8"?>
<!-- Generated by org.testng.reporters.JUnitXMLReporter -->
<testsuite ignored="0" hostname="5CD3441DMK" failures="0" tests="3" name="Submit Order Test" time="32.38" errors="0" timestamp="2025-06-13T22:37:17 IST">
  <testcase classname="javaseleniumlearning.tests.SubmitOrderTest" name="submitOrder" time="9.689"/>
  <testcase classname="javaseleniumlearning.tests.SubmitOrderTest" name="submitOrder" time="9.647"/>
  <testcase classname="javaseleniumlearning.tests.SubmitOrderTest" name="OrderHistoryTest" time="0.662"/>
</testsuite> <!-- Submit Order Test -->
