<?xml version="1.0" encoding="UTF-8"?>
<testng-results ignored="2" total="5" passed="3" failed="0" skipped="0">
  <reporter-output>
  </reporter-output>
  <suite started-at="2025-06-10T17:52:36 IST" name="Suite" finished-at="2025-06-10T17:53:06 IST" duration-ms="29289">
    <groups>
      <group name="purchase">
        <method signature="SubmitOrderTest.submitOrder(java.util.HashMap)[pri:0, instance:javaseleniumlearning.tests.SubmitOrderTest@15043a2f]" name="submitOrder" class="javaseleniumlearning.tests.SubmitOrderTest"/>
        <method signature="SubmitOrderTest.OrderHistoryTest()[pri:0, instance:javaseleniumlearning.tests.SubmitOrderTest@15043a2f]" name="OrderHistoryTest" class="javaseleniumlearning.tests.SubmitOrderTest"/>
      </group> <!-- purchase -->
    </groups>
    <test started-at="2025-06-10T17:52:36 IST" name="Error Validations Test" finished-at="2025-06-10T17:52:36 IST" duration-ms="11">
    </test> <!-- Error Validations Test -->
    <test started-at="2025-06-10T17:52:36 IST" name="Submit Order Test" finished-at="2025-06-10T17:53:06 IST" duration-ms="29289">
      <class name="javaseleniumlearning.tests.SubmitOrderTest">
        <test-method is-config="true" signature="launchApplication()[pri:0, instance:javaseleniumlearning.tests.SubmitOrderTest@15043a2f]" started-at="2025-06-10T17:52:37 IST" name="launchApplication" finished-at="2025-06-10T17:52:40 IST" duration-ms="3690" status="PASS">
          <reporter-output>
          </reporter-output>
        </test-method> <!-- launchApplication -->
        <test-method signature="submitOrder(java.util.HashMap)[pri:0, instance:javaseleniumlearning.tests.SubmitOrderTest@15043a2f]" started-at="2025-06-10T17:52:40 IST" name="submitOrder" data-provider="getData" finished-at="2025-06-10T17:52:50 IST" duration-ms="9522" status="PASS">
          <params>
            <param index="0">
              <value>
                <![CDATA[{country=indi, password=Atk.1881, productName=ZARA COAT 3, username=atk@mail.com}]]>
              </value>
            </param>
          </params>
          <reporter-output>
          </reporter-output>
        </test-method> <!-- submitOrder -->
        <test-method is-config="true" signature="tearDown()[pri:0, instance:javaseleniumlearning.tests.SubmitOrderTest@15043a2f]" started-at="2025-06-10T17:52:50 IST" name="tearDown" finished-at="2025-06-10T17:52:50 IST" duration-ms="170" status="PASS">
          <reporter-output>
          </reporter-output>
        </test-method> <!-- tearDown -->
        <test-method is-config="true" signature="launchApplication()[pri:0, instance:javaseleniumlearning.tests.SubmitOrderTest@15043a2f]" started-at="2025-06-10T17:52:50 IST" name="launchApplication" finished-at="2025-06-10T17:52:53 IST" duration-ms="2679" status="PASS">
          <reporter-output>
          </reporter-output>
        </test-method> <!-- launchApplication -->
        <test-method signature="submitOrder(java.util.HashMap)[pri:0, instance:javaseleniumlearning.tests.SubmitOrderTest@15043a2f]" started-at="2025-06-10T17:52:53 IST" name="submitOrder" data-provider="getData" finished-at="2025-06-10T17:53:02 IST" duration-ms="9346" status="PASS">
          <params>
            <param index="0">
              <value>
                <![CDATA[{country=indi, password=Atk.1881, productName=ADIDAS ORIGINAL, username=atk@mail.com}]]>
              </value>
            </param>
          </params>
          <reporter-output>
          </reporter-output>
        </test-method> <!-- submitOrder -->
        <test-method is-config="true" signature="tearDown()[pri:0, instance:javaseleniumlearning.tests.SubmitOrderTest@15043a2f]" started-at="2025-06-10T17:53:02 IST" name="tearDown" finished-at="2025-06-10T17:53:02 IST" duration-ms="196" status="PASS">
          <reporter-output>
          </reporter-output>
        </test-method> <!-- tearDown -->
        <test-method is-config="true" signature="launchApplication()[pri:0, instance:javaseleniumlearning.tests.SubmitOrderTest@15043a2f]" started-at="2025-06-10T17:53:02 IST" name="launchApplication" finished-at="2025-06-10T17:53:05 IST" duration-ms="2594" status="PASS">
          <reporter-output>
          </reporter-output>
        </test-method> <!-- launchApplication -->
        <test-method signature="OrderHistoryTest()[pri:0, instance:javaseleniumlearning.tests.SubmitOrderTest@15043a2f]" started-at="2025-06-10T17:53:05 IST" name="OrderHistoryTest" finished-at="2025-06-10T17:53:06 IST" depends-on-methods="javaseleniumlearning.tests.SubmitOrderTest.submitOrder" duration-ms="678" status="PASS">
          <reporter-output>
          </reporter-output>
        </test-method> <!-- OrderHistoryTest -->
        <test-method is-config="true" signature="tearDown()[pri:0, instance:javaseleniumlearning.tests.SubmitOrderTest@15043a2f]" started-at="2025-06-10T17:53:06 IST" name="tearDown" finished-at="2025-06-10T17:53:06 IST" duration-ms="155" status="PASS">
          <reporter-output>
          </reporter-output>
        </test-method> <!-- tearDown -->
      </class> <!-- javaseleniumlearning.tests.SubmitOrderTest -->
    </test> <!-- Submit Order Test -->
  </suite> <!-- Suite -->
</testng-results>
