<?xml version="1.0" encoding="UTF-8"?>
<testng-results retried="1" ignored="0" total="6" passed="4" failed="1" skipped="0">
  <reporter-output>
  </reporter-output>
  <suite started-at="2025-08-01T23:21:52 IST" name="Suite" finished-at="2025-08-01T23:22:42 IST" duration-ms="50545">
    <groups>
      <group name="ErrorHandling">
        <method signature="ErrorValidationsTest.LoginErrorValidation()[pri:0, instance:javaseleniumlearning.tests.ErrorValidationsTest@2fc6f97f]" name="LoginErrorValidation" class="javaseleniumlearning.tests.ErrorValidationsTest"/>
      </group> <!-- ErrorHandling -->
      <group name="purchase">
        <method signature="SubmitOrderTest.submitOrder(java.util.HashMap)[pri:0, instance:javaseleniumlearning.tests.SubmitOrderTest@25aca718]" name="submitOrder" class="javaseleniumlearning.tests.SubmitOrderTest"/>
        <method signature="SubmitOrderTest.OrderHistoryTest()[pri:0, instance:javaseleniumlearning.tests.SubmitOrderTest@25aca718]" name="OrderHistoryTest" class="javaseleniumlearning.tests.SubmitOrderTest"/>
      </group> <!-- purchase -->
    </groups>
    <test started-at="2025-08-01T23:21:52 IST" name="Error Validations Test" finished-at="2025-08-01T23:22:38 IST" duration-ms="46413">
      <class name="javaseleniumlearning.tests.ErrorValidationsTest">
        <test-method is-config="true" signature="launchApplication()[pri:0, instance:javaseleniumlearning.tests.ErrorValidationsTest@2fc6f97f]" started-at="2025-08-01T23:21:52 IST" name="launchApplication" finished-at="2025-08-01T23:22:03 IST" duration-ms="11395" status="PASS">
          <reporter-output>
          </reporter-output>
        </test-method> <!-- launchApplication -->
        <test-method signature="LoginErrorValidation()[pri:0, instance:javaseleniumlearning.tests.ErrorValidationsTest@2fc6f97f]" started-at="2025-08-01T23:22:03 IST" name="LoginErrorValidation" finished-at="2025-08-01T23:22:04 IST" duration-ms="1313" status="FAIL">
          <exception class="java.lang.AssertionError">
            <message>
              <![CDATA[expected [Incorrect email password.] but found [Incorrect email or password.]]]>
            </message>
            <full-stacktrace>
              <![CDATA[java.lang.AssertionError: expected [Incorrect email password.] but found [Incorrect email or password.]
at org.testng.Assert.fail(Assert.java:111)
at org.testng.Assert.failNotEquals(Assert.java:1590)
at org.testng.Assert.assertEqualsImpl(Assert.java:150)
at org.testng.Assert.assertEquals(Assert.java:132)
at org.testng.Assert.assertEquals(Assert.java:656)
at org.testng.Assert.assertEquals(Assert.java:666)
at javaseleniumlearning.tests.ErrorValidationsTest.LoginErrorValidation(ErrorValidationsTest.java:28)
at java.base/jdk.internal.reflect.DirectMethodHandleAccessor.invoke(DirectMethodHandleAccessor.java:103)
at java.base/java.lang.reflect.Method.invoke(Method.java:580)
at org.testng.internal.invokers.MethodInvocationHelper.invokeMethod(MethodInvocationHelper.java:141)
at org.testng.internal.invokers.TestInvoker.invokeMethod(TestInvoker.java:687)
at org.testng.internal.invokers.TestInvoker.invokeTestMethod(TestInvoker.java:230)
at org.testng.internal.invokers.MethodRunner.runInSequence(MethodRunner.java:63)
at org.testng.internal.invokers.TestInvoker$MethodInvocationAgent.invoke(TestInvoker.java:995)
at org.testng.internal.invokers.TestInvoker.invokeTestMethods(TestInvoker.java:203)
at org.testng.internal.invokers.TestMethodWorker.invokeTestMethods(TestMethodWorker.java:154)
at org.testng.internal.invokers.TestMethodWorker.run(TestMethodWorker.java:134)
at java.base/java.util.ArrayList.forEach(ArrayList.java:1596)
at org.testng.TestRunner.privateRun(TestRunner.java:741)
at org.testng.TestRunner.run(TestRunner.java:616)
at org.testng.SuiteRunner.runTest(SuiteRunner.java:421)
at org.testng.SuiteRunner$SuiteWorker.run(SuiteRunner.java:463)
at org.testng.internal.thread.ThreadUtil.lambda$execute$0(ThreadUtil.java:64)
at java.base/java.util.concurrent.FutureTask.run(FutureTask.java:317)
at java.base/java.util.concurrent.ThreadPoolExecutor.runWorker(ThreadPoolExecutor.java:1144)
at java.base/java.util.concurrent.ThreadPoolExecutor$Worker.run(ThreadPoolExecutor.java:642)
at java.base/java.lang.Thread.run(Thread.java:1583)
]]>
            </full-stacktrace>
          </exception> <!-- java.lang.AssertionError -->
          <reporter-output>
          </reporter-output>
        </test-method> <!-- LoginErrorValidation -->
        <test-method is-config="true" signature="tearDown()[pri:0, instance:javaseleniumlearning.tests.ErrorValidationsTest@2fc6f97f]" started-at="2025-08-01T23:22:05 IST" name="tearDown" finished-at="2025-08-01T23:22:05 IST" duration-ms="406" status="PASS">
          <reporter-output>
          </reporter-output>
        </test-method> <!-- tearDown -->
        <test-method is-config="true" signature="launchApplication()[pri:0, instance:javaseleniumlearning.tests.ErrorValidationsTest@2fc6f97f]" started-at="2025-08-01T23:22:05 IST" name="launchApplication" finished-at="2025-08-01T23:22:12 IST" duration-ms="6604" status="PASS">
          <reporter-output>
          </reporter-output>
        </test-method> <!-- launchApplication -->
        <test-method retried="true" signature="ProductErrorValidation()[pri:0, instance:javaseleniumlearning.tests.ErrorValidationsTest@2fc6f97f]" started-at="2025-08-01T23:22:12 IST" name="ProductErrorValidation" finished-at="2025-08-01T23:22:27 IST" duration-ms="15009" status="SKIP">
          <exception class="java.lang.AssertionError">
            <message>
              <![CDATA[expected [true] but found [false]]]>
            </message>
            <full-stacktrace>
              <![CDATA[java.lang.AssertionError: expected [true] but found [false]
at org.testng.Assert.fail(Assert.java:111)
at org.testng.Assert.failNotEquals(Assert.java:1590)
at org.testng.Assert.assertTrue(Assert.java:57)
at org.testng.Assert.assertTrue(Assert.java:67)
at javaseleniumlearning.tests.ErrorValidationsTest.ProductErrorValidation(ErrorValidationsTest.java:46)
at java.base/jdk.internal.reflect.DirectMethodHandleAccessor.invoke(DirectMethodHandleAccessor.java:103)
at java.base/java.lang.reflect.Method.invoke(Method.java:580)
at org.testng.internal.invokers.MethodInvocationHelper.invokeMethod(MethodInvocationHelper.java:141)
at org.testng.internal.invokers.TestInvoker.invokeMethod(TestInvoker.java:687)
at org.testng.internal.invokers.TestInvoker.invokeTestMethod(TestInvoker.java:230)
at org.testng.internal.invokers.MethodRunner.runInSequence(MethodRunner.java:63)
at org.testng.internal.invokers.TestInvoker$MethodInvocationAgent.invoke(TestInvoker.java:995)
at org.testng.internal.invokers.TestInvoker.invokeTestMethods(TestInvoker.java:203)
at org.testng.internal.invokers.TestMethodWorker.invokeTestMethods(TestMethodWorker.java:154)
at org.testng.internal.invokers.TestMethodWorker.run(TestMethodWorker.java:134)
at java.base/java.util.ArrayList.forEach(ArrayList.java:1596)
at org.testng.TestRunner.privateRun(TestRunner.java:741)
at org.testng.TestRunner.run(TestRunner.java:616)
at org.testng.SuiteRunner.runTest(SuiteRunner.java:421)
at org.testng.SuiteRunner$SuiteWorker.run(SuiteRunner.java:463)
at org.testng.internal.thread.ThreadUtil.lambda$execute$0(ThreadUtil.java:64)
at java.base/java.util.concurrent.FutureTask.run(FutureTask.java:317)
at java.base/java.util.concurrent.ThreadPoolExecutor.runWorker(ThreadPoolExecutor.java:1144)
at java.base/java.util.concurrent.ThreadPoolExecutor$Worker.run(ThreadPoolExecutor.java:642)
at java.base/java.lang.Thread.run(Thread.java:1583)
]]>
            </full-stacktrace>
          </exception> <!-- java.lang.AssertionError -->
          <reporter-output>
          </reporter-output>
        </test-method> <!-- ProductErrorValidation -->
        <test-method is-config="true" signature="tearDown()[pri:0, instance:javaseleniumlearning.tests.ErrorValidationsTest@2fc6f97f]" started-at="2025-08-01T23:22:27 IST" name="tearDown" finished-at="2025-08-01T23:22:27 IST" duration-ms="543" status="PASS">
          <reporter-output>
          </reporter-output>
        </test-method> <!-- tearDown -->
        <test-method is-config="true" signature="launchApplication()[pri:0, instance:javaseleniumlearning.tests.ErrorValidationsTest@2fc6f97f]" started-at="2025-08-01T23:22:27 IST" name="launchApplication" finished-at="2025-08-01T23:22:33 IST" duration-ms="5918" status="PASS">
          <reporter-output>
          </reporter-output>
        </test-method> <!-- launchApplication -->
        <test-method signature="ProductErrorValidation()[pri:0, instance:javaseleniumlearning.tests.ErrorValidationsTest@2fc6f97f]" started-at="2025-08-01T23:22:33 IST" name="ProductErrorValidation" finished-at="2025-08-01T23:22:38 IST" duration-ms="4367" status="PASS">
          <reporter-output>
          </reporter-output>
        </test-method> <!-- ProductErrorValidation -->
        <test-method is-config="true" signature="tearDown()[pri:0, instance:javaseleniumlearning.tests.ErrorValidationsTest@2fc6f97f]" started-at="2025-08-01T23:22:38 IST" name="tearDown" finished-at="2025-08-01T23:22:38 IST" duration-ms="424" status="PASS">
          <reporter-output>
          </reporter-output>
        </test-method> <!-- tearDown -->
      </class> <!-- javaseleniumlearning.tests.ErrorValidationsTest -->
    </test> <!-- Error Validations Test -->
    <test started-at="2025-08-01T23:21:52 IST" name="Submit Order Test" finished-at="2025-08-01T23:22:42 IST" duration-ms="50545">
      <class name="javaseleniumlearning.tests.SubmitOrderTest">
        <test-method is-config="true" signature="launchApplication()[pri:0, instance:javaseleniumlearning.tests.SubmitOrderTest@25aca718]" started-at="2025-08-01T23:21:53 IST" name="launchApplication" finished-at="2025-08-01T23:22:02 IST" duration-ms="9348" status="PASS">
          <reporter-output>
          </reporter-output>
        </test-method> <!-- launchApplication -->
        <test-method signature="submitOrder(java.util.HashMap)[pri:0, instance:javaseleniumlearning.tests.SubmitOrderTest@25aca718]" started-at="2025-08-01T23:22:02 IST" name="submitOrder" data-provider="getData" finished-at="2025-08-01T23:22:14 IST" duration-ms="12048" status="PASS">
          <params>
            <param index="0">
              <value>
                <![CDATA[{country=indi, password=Atk.1881, productName=ZARA COAT 3, username=atk@mail.com}]]>
              </value>
            </param>
          </params>
          <reporter-output>
          </reporter-output>
        </test-method> <!-- submitOrder -->
        <test-method is-config="true" signature="tearDown()[pri:0, instance:javaseleniumlearning.tests.SubmitOrderTest@25aca718]" started-at="2025-08-01T23:22:14 IST" name="tearDown" finished-at="2025-08-01T23:22:14 IST" duration-ms="540" status="PASS">
          <reporter-output>
          </reporter-output>
        </test-method> <!-- tearDown -->
        <test-method is-config="true" signature="launchApplication()[pri:0, instance:javaseleniumlearning.tests.SubmitOrderTest@25aca718]" started-at="2025-08-01T23:22:14 IST" name="launchApplication" finished-at="2025-08-01T23:22:21 IST" duration-ms="6630" status="PASS">
          <reporter-output>
          </reporter-output>
        </test-method> <!-- launchApplication -->
        <test-method signature="submitOrder(java.util.HashMap)[pri:0, instance:javaseleniumlearning.tests.SubmitOrderTest@25aca718]" started-at="2025-08-01T23:22:21 IST" name="submitOrder" data-provider="getData" finished-at="2025-08-01T23:22:33 IST" duration-ms="12042" status="PASS">
          <params>
            <param index="0">
              <value>
                <![CDATA[{country=indi, password=Atk.1881, productName=ADIDAS ORIGINAL, username=atk@mail.com}]]>
              </value>
            </param>
          </params>
          <reporter-output>
          </reporter-output>
        </test-method> <!-- submitOrder -->
        <test-method is-config="true" signature="tearDown()[pri:0, instance:javaseleniumlearning.tests.SubmitOrderTest@25aca718]" started-at="2025-08-01T23:22:33 IST" name="tearDown" finished-at="2025-08-01T23:22:34 IST" duration-ms="514" status="PASS">
          <reporter-output>
          </reporter-output>
        </test-method> <!-- tearDown -->
        <test-method is-config="true" signature="launchApplication()[pri:0, instance:javaseleniumlearning.tests.SubmitOrderTest@25aca718]" started-at="2025-08-01T23:22:34 IST" name="launchApplication" finished-at="2025-08-01T23:22:39 IST" duration-ms="4991" status="PASS">
          <reporter-output>
          </reporter-output>
        </test-method> <!-- launchApplication -->
        <test-method signature="OrderHistoryTest()[pri:0, instance:javaseleniumlearning.tests.SubmitOrderTest@25aca718]" started-at="2025-08-01T23:22:39 IST" name="OrderHistoryTest" finished-at="2025-08-01T23:22:42 IST" depends-on-methods="javaseleniumlearning.tests.SubmitOrderTest.submitOrder" duration-ms="3009" status="PASS">
          <reporter-output>
          </reporter-output>
        </test-method> <!-- OrderHistoryTest -->
        <test-method is-config="true" signature="tearDown()[pri:0, instance:javaseleniumlearning.tests.SubmitOrderTest@25aca718]" started-at="2025-08-01T23:22:42 IST" name="tearDown" finished-at="2025-08-01T23:22:42 IST" duration-ms="395" status="PASS">
          <reporter-output>
          </reporter-output>
        </test-method> <!-- tearDown -->
      </class> <!-- javaseleniumlearning.tests.SubmitOrderTest -->
    </test> <!-- Submit Order Test -->
  </suite> <!-- Suite -->
</testng-results>
