<?xml version="1.0" encoding="UTF-8"?>
<testng-results ignored="0" total="1" passed="1" failed="0" skipped="0">
  <reporter-output>
  </reporter-output>
  <suite started-at="2025-06-04T21:40:05 IST" name="Default suite" finished-at="2025-06-04T21:40:17 IST" duration-ms="11387">
    <groups>
    </groups>
    <test started-at="2025-06-04T21:40:05 IST" name="Default test" finished-at="2025-06-04T21:40:17 IST" duration-ms="11387">
      <class name="javaseleniumlearning.tests.SubmitOrderTest">
        <test-method signature="submitOrder()[pri:0, instance:javaseleniumlearning.tests.SubmitOrderTest@7c7b252e]" started-at="2025-06-04T21:40:05 IST" name="submitOrder" finished-at="2025-06-04T21:40:17 IST" duration-ms="11342" status="PASS">
          <reporter-output>
          </reporter-output>
        </test-method> <!-- submitOrder -->
      </class> <!-- javaseleniumlearning.tests.SubmitOrderTest -->
    </test> <!-- Default test -->
  </suite> <!-- Default suite -->
</testng-results>
