<?xml version="1.0" encoding="UTF-8"?>
<testng-results ignored="0" total="4" passed="4" failed="0" skipped="0">
  <reporter-output>
  </reporter-output>
  <suite started-at="2025-06-06T20:00:05 IST" name="Suite" finished-at="2025-06-06T20:00:32 IST" duration-ms="26873">
    <groups>
    </groups>
    <test started-at="2025-06-06T20:00:05 IST" name="Submit Order Test" finished-at="2025-06-06T20:00:20 IST" duration-ms="14518">
      <class name="javaseleniumlearning.tests.SubmitOrderTest">
        <test-method is-config="true" signature="launchApplication()[pri:0, instance:javaseleniumlearning.tests.SubmitOrderTest@76505305]" started-at="2025-06-06T20:00:05 IST" name="launchApplication" finished-at="2025-06-06T20:00:08 IST" duration-ms="2716" status="PASS">
          <reporter-output>
          </reporter-output>
        </test-method> <!-- launchApplication -->
        <test-method signature="submitOrder()[pri:0, instance:javaseleniumlearning.tests.SubmitOrderTest@76505305]" started-at="2025-06-06T20:00:08 IST" name="submitOrder" finished-at="2025-06-06T20:00:18 IST" duration-ms="9319" status="PASS">
          <reporter-output>
          </reporter-output>
        </test-method> <!-- submitOrder -->
        <test-method is-config="true" signature="tearDown()[pri:0, instance:javaseleniumlearning.tests.SubmitOrderTest@76505305]" started-at="2025-06-06T20:00:18 IST" name="tearDown" finished-at="2025-06-06T20:00:18 IST" duration-ms="80" status="PASS">
          <reporter-output>
          </reporter-output>
        </test-method> <!-- tearDown -->
        <test-method is-config="true" signature="launchApplication()[pri:0, instance:javaseleniumlearning.tests.SubmitOrderTest@76505305]" started-at="2025-06-06T20:00:18 IST" name="launchApplication" finished-at="2025-06-06T20:00:19 IST" duration-ms="1653" status="PASS">
          <reporter-output>
          </reporter-output>
        </test-method> <!-- launchApplication -->
        <test-method signature="OrderHistoryTest()[pri:0, instance:javaseleniumlearning.tests.SubmitOrderTest@76505305]" started-at="2025-06-06T20:00:19 IST" name="OrderHistoryTest" finished-at="2025-06-06T20:00:20 IST" depends-on-methods="javaseleniumlearning.tests.SubmitOrderTest.submitOrder" duration-ms="601" status="PASS">
          <reporter-output>
          </reporter-output>
        </test-method> <!-- OrderHistoryTest -->
        <test-method is-config="true" signature="tearDown()[pri:0, instance:javaseleniumlearning.tests.SubmitOrderTest@76505305]" started-at="2025-06-06T20:00:20 IST" name="tearDown" finished-at="2025-06-06T20:00:20 IST" duration-ms="92" status="PASS">
          <reporter-output>
          </reporter-output>
        </test-method> <!-- tearDown -->
      </class> <!-- javaseleniumlearning.tests.SubmitOrderTest -->
    </test> <!-- Submit Order Test -->
    <test started-at="2025-06-06T20:00:20 IST" name="Error Validations Test" finished-at="2025-06-06T20:00:32 IST" duration-ms="12307">
      <class name="javaseleniumlearning.tests.ErrorValidationsTest">
        <test-method is-config="true" signature="launchApplication()[pri:0, instance:javaseleniumlearning.tests.ErrorValidationsTest@77f1baf5]" started-at="2025-06-06T20:00:20 IST" name="launchApplication" finished-at="2025-06-06T20:00:22 IST" duration-ms="1552" status="PASS">
          <reporter-output>
          </reporter-output>
        </test-method> <!-- launchApplication -->
        <test-method signature="ProductErrorValidation()[pri:0, instance:javaseleniumlearning.tests.ErrorValidationsTest@77f1baf5]" started-at="2025-06-06T20:00:22 IST" name="ProductErrorValidation" finished-at="2025-06-06T20:00:30 IST" duration-ms="8455" status="PASS">
          <reporter-output>
          </reporter-output>
        </test-method> <!-- ProductErrorValidation -->
        <test-method is-config="true" signature="tearDown()[pri:0, instance:javaseleniumlearning.tests.ErrorValidationsTest@77f1baf5]" started-at="2025-06-06T20:00:30 IST" name="tearDown" finished-at="2025-06-06T20:00:30 IST" duration-ms="67" status="PASS">
          <reporter-output>
          </reporter-output>
        </test-method> <!-- tearDown -->
        <test-method is-config="true" signature="launchApplication()[pri:0, instance:javaseleniumlearning.tests.ErrorValidationsTest@77f1baf5]" started-at="2025-06-06T20:00:30 IST" name="launchApplication" finished-at="2025-06-06T20:00:32 IST" duration-ms="1733" status="PASS">
          <reporter-output>
          </reporter-output>
        </test-method> <!-- launchApplication -->
        <test-method signature="submitOrder()[pri:0, instance:javaseleniumlearning.tests.ErrorValidationsTest@77f1baf5]" started-at="2025-06-06T20:00:32 IST" name="submitOrder" finished-at="2025-06-06T20:00:32 IST" duration-ms="404" status="PASS">
          <reporter-output>
          </reporter-output>
        </test-method> <!-- submitOrder -->
        <test-method is-config="true" signature="tearDown()[pri:0, instance:javaseleniumlearning.tests.ErrorValidationsTest@77f1baf5]" started-at="2025-06-06T20:00:32 IST" name="tearDown" finished-at="2025-06-06T20:00:32 IST" duration-ms="89" status="PASS">
          <reporter-output>
          </reporter-output>
        </test-method> <!-- tearDown -->
      </class> <!-- javaseleniumlearning.tests.ErrorValidationsTest -->
    </test> <!-- Error Validations Test -->
  </suite> <!-- Suite -->
</testng-results>
