<?xml version="1.0" encoding="UTF-8"?>
<testng-results ignored="0" total="3" passed="3" failed="0" skipped="0">
  <reporter-output>
  </reporter-output>
  <suite started-at="2025-06-06T00:04:47 IST" name="Suite" finished-at="2025-06-06T00:05:16 IST" duration-ms="28614">
    <groups>
    </groups>
    <test started-at="2025-06-06T00:04:47 IST" name="Submit Order Test" finished-at="2025-06-06T00:05:01 IST" duration-ms="13274">
      <class name="javaseleniumlearning.tests.SubmitOrderTest">
        <test-method is-config="true" signature="launchApplication()[pri:0, instance:javaseleniumlearning.tests.SubmitOrderTest@7674f035]" started-at="2025-06-06T00:04:47 IST" name="launchApplication" finished-at="2025-06-06T00:04:51 IST" duration-ms="3556" status="PASS">
          <reporter-output>
          </reporter-output>
        </test-method> <!-- launchApplication -->
        <test-method signature="submitOrder()[pri:0, instance:javaseleniumlearning.tests.SubmitOrderTest@7674f035]" started-at="2025-06-06T00:04:51 IST" name="submitOrder" finished-at="2025-06-06T00:05:01 IST" duration-ms="9515" status="PASS">
          <reporter-output>
          </reporter-output>
        </test-method> <!-- submitOrder -->
        <test-method is-config="true" signature="tearDown()[pri:0, instance:javaseleniumlearning.tests.SubmitOrderTest@7674f035]" started-at="2025-06-06T00:05:01 IST" name="tearDown" finished-at="2025-06-06T00:05:01 IST" duration-ms="169" status="PASS">
          <reporter-output>
          </reporter-output>
        </test-method> <!-- tearDown -->
      </class> <!-- javaseleniumlearning.tests.SubmitOrderTest -->
    </test> <!-- Submit Order Test -->
    <test started-at="2025-06-06T00:05:01 IST" name="Error Validations Test" finished-at="2025-06-06T00:05:16 IST" duration-ms="15233">
      <class name="javaseleniumlearning.tests.ErrorValidationsTest">
        <test-method is-config="true" signature="launchApplication()[pri:0, instance:javaseleniumlearning.tests.ErrorValidationsTest@723ca036]" started-at="2025-06-06T00:05:01 IST" name="launchApplication" finished-at="2025-06-06T00:05:04 IST" duration-ms="2866" status="PASS">
          <reporter-output>
          </reporter-output>
        </test-method> <!-- launchApplication -->
        <test-method signature="ProductErrorValidation()[pri:0, instance:javaseleniumlearning.tests.ErrorValidationsTest@723ca036]" started-at="2025-06-06T00:05:04 IST" name="ProductErrorValidation" finished-at="2025-06-06T00:05:12 IST" duration-ms="8562" status="PASS">
          <reporter-output>
          </reporter-output>
        </test-method> <!-- ProductErrorValidation -->
        <test-method is-config="true" signature="tearDown()[pri:0, instance:javaseleniumlearning.tests.ErrorValidationsTest@723ca036]" started-at="2025-06-06T00:05:12 IST" name="tearDown" finished-at="2025-06-06T00:05:12 IST" duration-ms="172" status="PASS">
          <reporter-output>
          </reporter-output>
        </test-method> <!-- tearDown -->
        <test-method is-config="true" signature="launchApplication()[pri:0, instance:javaseleniumlearning.tests.ErrorValidationsTest@723ca036]" started-at="2025-06-06T00:05:12 IST" name="launchApplication" finished-at="2025-06-06T00:05:16 IST" duration-ms="3066" status="PASS">
          <reporter-output>
          </reporter-output>
        </test-method> <!-- launchApplication -->
        <test-method signature="submitOrder()[pri:0, instance:javaseleniumlearning.tests.ErrorValidationsTest@723ca036]" started-at="2025-06-06T00:05:16 IST" name="submitOrder" finished-at="2025-06-06T00:05:16 IST" duration-ms="422" status="PASS">
          <reporter-output>
          </reporter-output>
        </test-method> <!-- submitOrder -->
        <test-method is-config="true" signature="tearDown()[pri:0, instance:javaseleniumlearning.tests.ErrorValidationsTest@723ca036]" started-at="2025-06-06T00:05:16 IST" name="tearDown" finished-at="2025-06-06T00:05:16 IST" duration-ms="137" status="PASS">
          <reporter-output>
          </reporter-output>
        </test-method> <!-- tearDown -->
      </class> <!-- javaseleniumlearning.tests.ErrorValidationsTest -->
    </test> <!-- Error Validations Test -->
  </suite> <!-- Suite -->
</testng-results>
